Running with gitlab-runner 18.11.3 (ad1797b3)
  on docker hiXIqFkrE, system ID: r_CMlrnZS5eUbl
Preparing the "docker" executor
00:04
Using default image
Using Docker executor with image docker:latest ...
Using default image
Using effective pull policy of [always] for container docker:latest
Pulling docker image docker:latest ...
Using docker image sha256:8e3fae900cbfbdc14e8abca89a9e44363065cb535f34a09283c59cc0dde2de20 for docker:latest with digest docker@sha256:8e3fae900cbfbdc14e8abca89a9e44363065cb535f34a09283c59cc0dde2de20 ...
Preparing environment
00:00
Using effective pull policy of [always] for container sha256:571952e633d345c74af6458eda2948da99cf5315ce9017e1cab22a4c2226887c
Running on runner-hixiqfkre-project-1-concurrent-0 via e18ee6b6dacb...
Getting source from Git repository
00:02
Gitaly correlation ID: 01KRSD4XTF0WW17Y3GAS0Y7G75
Fetching changes with git depth set to 20...
Reinitialized existing Git repository in /builds/root/nodegoat-devsecops/.git/
Created fresh repository.
Checking out 2683d164 as detached HEAD (ref is master)...
Skipping Git submodules setup
Executing "step_script" stage of the job script
00:01
Using default image
Using effective pull policy of [always] for container docker:latest
Using docker image sha256:8e3fae900cbfbdc14e8abca89a9e44363065cb535f34a09283c59cc0dde2de20 for docker:latest with digest docker@sha256:8e3fae900cbfbdc14e8abca89a9e44363065cb535f34a09283c59cc0dde2de20 ...
$ echo "Checking security findings..."
Checking security findings...
$ exit 1
Cleaning up project directory and file based variables
00:01
ERROR: Job failed: exit code 1