Running with gitlab-runner 18.11.3 (ad1797b3)
  on docker hiXIqFkrE, system ID: r_CMlrnZS5eUbl
Preparing the "docker" executor
00:03
Using Docker executor with image returntocorp/semgrep ...
Using effective pull policy of [always] for container returntocorp/semgrep
Pulling docker image returntocorp/semgrep ...
Using docker image sha256:9349edbadf90c3f3c0c3f55867625354e89680e6fa10d9034042af52fdb0e0d0 for returntocorp/semgrep with digest returntocorp/semgrep@sha256:9349edbadf90c3f3c0c3f55867625354e89680e6fa10d9034042af52fdb0e0d0 ...
Preparing environment
00:01
Using effective pull policy of [always] for container sha256:571952e633d345c74af6458eda2948da99cf5315ce9017e1cab22a4c2226887c
Running on runner-hixiqfkre-project-1-concurrent-0 via e18ee6b6dacb...
Getting source from Git repository
00:02
Gitaly correlation ID: 01KRSD2RA9G4JMEPWZ5MVRW2VH
Fetching changes with git depth set to 20...
Reinitialized existing Git repository in /builds/root/nodegoat-devsecops/.git/
Created fresh repository.
Checking out 2683d164 as detached HEAD (ref is master)...
Skipping Git submodules setup
Executing "step_script" stage of the job script
00:06
Using effective pull policy of [always] for container returntocorp/semgrep
Using docker image sha256:9349edbadf90c3f3c0c3f55867625354e89680e6fa10d9034042af52fdb0e0d0 for returntocorp/semgrep with digest returntocorp/semgrep@sha256:9349edbadf90c3f3c0c3f55867625354e89680e6fa10d9034042af52fdb0e0d0 ...
$ semgrep --config semgrep/nosqli.yaml . --error
               
               
┌─────────────┐
│ Scan Status │
└─────────────┘
  Scanning 80 files tracked by git with 1 Code rule:
  Scanning 27 files.
                   
                   
┌─────────────────┐
│ 9 Code Findings │
└─────────────────┘
                               
    app/data/allocations-dao.js
   ❯❯❱ semgrep.mongodb-nosqli
          ❰❰ Blocking ❱❱
          Potential NoSQL Injection in MongoDB query
                                                    
           29┆ allocationsCol.update({
           30┆     userId: parsedUserId
           31┆ }, allocations, {
           32┆     upsert: true
           33┆ }, err => {
           34┆
           35┆     if (!err) {
           36┆
           37┆         console.log("Updated allocations");
           38┆
             [hid 16 additional lines, adjust with --max-lines-per-finding] 
           86┆ allocationsCol.find(searchCriteria()).toArray((err, allocations) => {
                            
    app/data/benefits-dao.js
   ❯❯❱ semgrep.mongodb-nosqli
          ❰❰ Blocking ❱❱
          Potential NoSQL Injection in MongoDB query
                                                    
           16┆ usersCol.find({
           17┆     "isAdmin": {
           18┆         $ne: true
           19┆     }
           20┆ }).toArray((err, users) => callback(null, users));
            ⋮┆----------------------------------------
           24┆ usersCol.update({
           25┆         _id: parseInt(userId)
           26┆     }, {
           27┆         $set: {
           28┆             benefitStartDate: startDate
           29┆         }
           30┆     },
           31┆     (err, result) => {
           32┆         if (!err) {
           33┆             console.log("Updated benefits");
             [hid 6 additional lines, adjust with --max-lines-per-finding] 
                                 
    app/data/contributions-dao.js
   ❯❯❱ semgrep.mongodb-nosqli
          ❰❰ Blocking ❱❱
          Potential NoSQL Injection in MongoDB query
                                                    
           28┆ contributionsDB.update({
           29┆     userId
           30┆     },
           31┆     contributions, {
           32┆         upsert: true
           33┆     },
           34┆     err => {
           35┆         if (!err) {
           36┆             console.log("Updated contributions");
           37┆             // add user details
             [hid 16 additional lines, adjust with --max-lines-per-finding] 
                         
    app/data/memos-dao.js
   ❯❯❱ semgrep.mongodb-nosqli
          ❰❰ Blocking ❱❱
          Potential NoSQL Injection in MongoDB query
                                                    
           28┆ memosCol.find({}).sort({
                           
    app/data/profile-dao.js
   ❯❯❱ semgrep.mongodb-nosqli
          ❰❰ Blocking ❱❱
          Potential NoSQL Injection in MongoDB query
                                                    
           78┆ users.update({
           79┆         _id: parseInt(userId)
           80┆     }, {
           81┆         $set: user
           82┆     },
           83┆     err => {
           84┆         if (!err) {
           85┆             console.log("Updated user profile");
           86┆             return callback(null, user);
           87┆         }
             [hid 4 additional lines, adjust with --max-lines-per-finding] 
                               
    app/routes/contributions.js
   ❯❯❱ semgrep.mongodb-nosqli
          ❰❰ Blocking ❱❱
          Potential NoSQL Injection in MongoDB query
                                                    
           65┆ contributionsDAO.update(userId, preTax, afterTax, roth, (err, contributions) => {
           66┆
           67┆     if (err) return next(err);
           68┆
           69┆     contributions.updateSuccess = true;
           70┆     return res.render("contributions", {
           71┆         ...contributions,
           72┆         environmentalScripts
           73┆     });
           74┆ });
                         
    app/routes/session.js
   ❯❯❱ semgrep.mongodb-nosqli
          ❰❰ Blocking ❱❱
          Potential NoSQL Injection in MongoDB query
                                                    
           20┆ allocationsDAO.update(user._id, stocks, funds, bonds, (err) => {
           21┆     if (err) return next(err);
           22┆ });
                
                
┌──────────────┐
│ Scan Summary │
└──────────────┘
✅ Scan completed successfully.
 • Findings: 9 (9 blocking)
 • Rules run: 1
 • Targets scanned: 27
 • Parsed lines: ~100.0%
 • Scan skipped: 
   ◦ Files matching .semgrepignore patterns: 36
 • Scan was limited to files tracked by git
 • For a detailed list of skipped files and lines, run semgrep with the --verbose flag
Ran 1 rule on 27 files: 9 findings.
Cleaning up project directory and file based variables
00:01
ERROR: Job failed: exit code 1